<?xml version="1.0" encoding="UTF-8"?>
<!-- Generated by org.testng.reporters.JUnitReportReporter -->
<testsuite hostname="PallaviPP" failures="0" tests="2" name="testNG.NeoStox2" time="0.001" errors="0" timestamp="2023-01-01T12:51:22 IST" skipped="0">
  <testcase classname="testNG.NeoStox2" name="g" time="0.000"/>
  <system-out>
    <![CDATA[g is running...]]>
  </system-out>
  <testcase classname="testNG.NeoStox2" name="j" time="0.001"/>
  <system-out>
    <![CDATA[j is running...]]>
  </system-out>
</testsuite> <!-- testNG.NeoStox2 -->
