<?xml version="1.0" encoding="UTF-8"?>
<!-- Generated by org.testng.reporters.JUnitReportReporter -->
<testsuite hostname="PallaviPP" failures="0" tests="1" name="neostoxPOMCls.ValidateUserNeoStoxNameUsingGeneralMethods" time="11.196" errors="0" timestamp="2023-01-06T17:17:03 IST" skipped="0">
  <testcase classname="neostoxPOMCls.ValidateUserNeoStoxNameUsingGeneralMethods" name="ValidateUserName" time="11.196"/>
  <system-out>
    <![CDATA[Validating userName...
Highlighting userName with Red Border...
ScreenShot Taken...]]>
  </system-out>
</testsuite> <!-- neostoxPOMCls.ValidateUserNeoStoxNameUsingGeneralMethods -->
