<?xml version="1.0" encoding="UTF-8"?>
<!-- Generated by org.testng.reporters.JUnitReportReporter -->
<testsuite hostname="PallaviPP" failures="0" tests="1" name="verificationUsingTestNG.ValidateRadioButton" time="12.651" errors="0" timestamp="2023-01-02T11:21:44 IST" skipped="0">
  <testcase classname="verificationUsingTestNG.ValidateRadioButton" name="RadioButtonvalidate" time="12.651"/>
  <system-out>
    <![CDATA[Radio1 Button is not selected TC Failed]]>
  </system-out>
</testsuite> <!-- verificationUsingTestNG.ValidateRadioButton -->
