<?xml version="1.0" encoding="UTF-8"?>
<!-- Generated by org.testng.reporters.JUnitReportReporter -->
<testsuite hostname="PallaviPP" failures="0" tests="5" name="testNG.UseOfAnnotations" time="0.004" errors="0" timestamp="2023-01-01T11:32:10 IST" skipped="1">
  <testcase classname="testNG.UseOfAnnotations" name="c" time="0.001"/>
  <system-out>
    <![CDATA[c is running...]]>
  </system-out>
  <testcase classname="testNG.UseOfAnnotations" name="e" time="0.001"/>
  <system-out>
    <![CDATA[e is running...]]>
  </system-out>
  <testcase classname="testNG.UseOfAnnotations" name="b" time="0.001"/>
  <system-out>
    <![CDATA[b is running...]]>
  </system-out>
  <testcase classname="testNG.UseOfAnnotations" name="a" time="0.001"/>
  <system-out>
    <![CDATA[a is running...]]>
  </system-out>
  <testcase classname="testNG.UseOfAnnotations" name="d">
    <skipped/>
  </testcase> <!-- d -->
  <system-out/>
</testsuite> <!-- testNG.UseOfAnnotations -->
