<?xml version="1.0" encoding="UTF-8"?>
<!-- Generated by org.testng.reporters.JUnitReportReporter -->
<testsuite hostname="PallaviPP" failures="0" tests="1" name="testNG.NeoStoxUserIDValidation" time="0.001" errors="0" timestamp="2023-01-01T11:32:10 IST" skipped="0">
  <testcase classname="testNG.NeoStoxUserIDValidation" name="validateUserId" time="0.001"/>
  <system-out>
    <![CDATA[User Id is vali...]]>
  </system-out>
</testsuite> <!-- testNG.NeoStoxUserIDValidation -->
