<?xml version="1.0" encoding="UTF-8"?>
<!-- Generated by org.testng.reporters.JUnitReportReporter -->
<testsuite hostname="PallaviPP" failures="0" tests="2" name="testNG.BeforeClassUse" time="0.007" errors="0" timestamp="2023-01-01T11:32:10 IST" skipped="0">
  <testcase classname="testNG.BeforeClassUse" name="TC2" time="0.001"/>
  <system-out>
    <![CDATA[TC2 is running.... ]]>
  </system-out>
  <testcase classname="testNG.BeforeClassUse" name="TC1" time="0.006"/>
  <system-out>
    <![CDATA[TC is Running.....]]>
  </system-out>
</testsuite> <!-- testNG.BeforeClassUse -->
