<?xml version="1.0" encoding="UTF-8"?>
<!-- Generated by org.testng.reporters.JUnitReportReporter -->
<testsuite hostname="PallaviPP" failures="0" tests="2" name="neoStoxTestClasses.ValidateUserNeoStoxNameUsingDataDrivenFrmwrk" time="22.103" errors="0" timestamp="2023-01-07T20:03:27 IST" skipped="0">
  <testcase classname="neoStoxTestClasses.ValidateUserNeoStoxNameUsingDataDrivenFrmwrk" name="ValidateUserName" time="13.746"/>
  <system-out>
    <![CDATA[Data is Hi pallavi gonjari
Drawing border to UserName
Data is TCID1
Taking screenshot
Screenshot taken saved at G:\velocity\SeleniumSCREENSHOTS\testimgTCID1.png]]>
  </system-out>
  <testcase classname="neoStoxTestClasses.ValidateUserNeoStoxNameUsingDataDrivenFrmwrk" name="validateACBalance" time="8.357"/>
  <system-out>
    <![CDATA[Get Account Balance
Account Balance is Rs.5,00,601.17
Data is TCID2
Taking screenshot
Screenshot taken saved at G:\velocity\SeleniumSCREENSHOTS\testimgTCID2.png]]>
  </system-out>
</testsuite> <!-- neoStoxTestClasses.ValidateUserNeoStoxNameUsingDataDrivenFrmwrk -->
