<?xml version="1.0" encoding="UTF-8"?>
<!-- Generated by org.testng.reporters.JUnitReportReporter -->
<testsuite hostname="PallaviPP" failures="0" tests="2" name="neoStoxTestClasses.ValidateUserNeoStoxNameUsingPropertyClass" time="25.111" errors="0" timestamp="2023-01-07T17:39:01 IST" skipped="0">
  <testcase classname="neoStoxTestClasses.ValidateUserNeoStoxNameUsingPropertyClass" name="ValidateUserName" time="15.922"/>
  <system-out>
    <![CDATA[Drawing border to UserName
Taking screenshot
Screenshot taken saved at G:\velocity\SeleniumSCREENSHOTS\testimgTCID123.png]]>
  </system-out>
  <testcase classname="neoStoxTestClasses.ValidateUserNeoStoxNameUsingPropertyClass" name="validateACBalance" time="9.189"/>
  <system-out>
    <![CDATA[Get Account Balance
Account Balance is 
Taking screenshot
Screenshot taken saved at G:\velocity\SeleniumSCREENSHOTS\testimgnull.png]]>
  </system-out>
</testsuite> <!-- neoStoxTestClasses.ValidateUserNeoStoxNameUsingPropertyClass -->
