<?xml version="1.0" encoding="UTF-8"?>
<!-- Generated by org.testng.reporters.JUnitReportReporter -->
<testsuite hostname="PallaviPP" failures="0" tests="2" name="neoStoxTestClasses.ValidateUserNeoStoxNameUsingUsingValueDrivenFrmwrk" time="20.290" errors="0" timestamp="2023-01-07T20:05:54 IST" skipped="0">
  <testcase classname="neoStoxTestClasses.ValidateUserNeoStoxNameUsingUsingValueDrivenFrmwrk" name="validateACBalance" time="12.526"/>
  <system-out>
    <![CDATA[Get Account Balance
Account Balance is Rs.5,00,601.17
Taking screenshot
Screenshot taken saved at G:\velocity\SeleniumSCREENSHOTS\testimgnull.png]]>
  </system-out>
  <testcase classname="neoStoxTestClasses.ValidateUserNeoStoxNameUsingUsingValueDrivenFrmwrk" name="ValidateUserName" time="7.764"/>
  <system-out>
    <![CDATA[Drawing border to UserName
Taking screenshot
Screenshot taken saved at G:\velocity\SeleniumSCREENSHOTS\testimgTCID123.png]]>
  </system-out>
</testsuite> <!-- neoStoxTestClasses.ValidateUserNeoStoxNameUsingUsingValueDrivenFrmwrk -->
