<?xml version="1.0" encoding="UTF-8"?>
<!-- Generated by org.testng.reporters.JUnitReportReporter -->
<testsuite hostname="PallaviPP" failures="0" tests="2" name="testNG.MyTesting" time="0.002" errors="0" timestamp="2023-01-01T11:32:10 IST" skipped="0">
  <testcase classname="testNG.MyTesting" name="validateUserID" time="0.001"/>
  <system-out>
    <![CDATA[User ID is Valid...]]>
  </system-out>
  <testcase classname="testNG.MyTesting" name="validateACCalance" time="0.001"/>
  <system-out>
    <![CDATA[Acc Balance is Checked.....]]>
  </system-out>
</testsuite> <!-- testNG.MyTesting -->
