<?xml version="1.0" encoding="UTF-8"?>
<!-- Generated by org.testng.reporters.JUnitReportReporter -->
<testsuite hostname="PallaviPP" failures="0" tests="1" name="verificationUsingTestNG.AssertNotEquals" time="0.008" errors="0" timestamp="2023-01-02T00:02:49 IST" skipped="0">
  <testcase classname="verificationUsingTestNG.AssertNotEquals" name="AssertNotEqual" time="0.008"/>
  <system-out/>
</testsuite> <!-- verificationUsingTestNG.AssertNotEquals -->
