<?xml version="1.0" encoding="UTF-8"?>
<!-- Generated by org.testng.reporters.JUnitReportReporter -->
<testsuite hostname="PallaviPP" failures="0" tests="2" name="webTableHandlling.MultiAssertTest" time="0.007" errors="0" timestamp="2023-01-02T11:40:58 IST" skipped="0">
  <testcase classname="webTableHandlling.MultiAssertTest" name="notEquals" time="0.006"/>
  <system-out/>
  <testcase classname="webTableHandlling.MultiAssertTest" name="notnullcheck" time="0.001"/>
  <system-out/>
</testsuite> <!-- webTableHandlling.MultiAssertTest -->
