<?xml version="1.0" encoding="UTF-8"?>
<!-- Generated by org.testng.reporters.JUnitReportReporter -->
<testsuite hostname="PallaviPP" failures="0" tests="1" name="serialParallelExecution.TestSet1" time="5.792" errors="0" timestamp="2023-01-01T20:04:13 IST" skipped="0">
  <testcase classname="serialParallelExecution.TestSet1" name="f" time="5.792"/>
  <system-out/>
</testsuite> <!-- serialParallelExecution.TestSet1 -->
