<?xml version="1.0" encoding="UTF-8"?>
<!-- Generated by org.testng.reporters.JUnitReportReporter -->
<testsuite hostname="PallaviPP" failures="0" tests="1" name="testNG.NeostoxTestClass" time="7.504" errors="0" timestamp="2022-12-31T21:00:16 IST" skipped="0">
  <testcase classname="testNG.NeostoxTestClass" name="neoStoxLoginValidation" time="7.504"/>
  <system-out>
    <![CDATA[Login validation ]]>
  </system-out>
</testsuite> <!-- testNG.NeostoxTestClass -->
