<?xml version="1.0" encoding="UTF-8"?>
<!-- Generated by org.testng.reporters.JUnitReportReporter -->
<testsuite hostname="PallaviPP" failures="0" tests="3" name="testNG.NeoStox1" time="0.007" errors="0" timestamp="2023-01-01T12:51:22 IST" skipped="0">
  <testcase classname="testNG.NeoStox1" name="a" time="0.006"/>
  <system-out>
    <![CDATA[a is running...]]>
  </system-out>
  <testcase classname="testNG.NeoStox1" name="b" time="0.001"/>
  <system-out>
    <![CDATA[b is running...]]>
  </system-out>
  <testcase classname="testNG.NeoStox1" name="d" time="0.000"/>
  <system-out>
    <![CDATA[d is running...]]>
  </system-out>
</testsuite> <!-- testNG.NeoStox1 -->
